<?xml version="1.0" encoding="UTF-8"?>
<!-- Generated by org.testng.reporters.JUnitReportReporter -->
<testsuite skipped="0" hostname="bluepi-HP-EliteBook-840-G1" name="denio.Person" tests="1" failures="0" timestamp="30 Jan 2019 09:39:31 GMT" time="0.013" errors="0">
  <testcase name="talk" time="0.013" classname="denio.Person"/>
</testsuite> <!-- denio.Person -->
