<?xml version="1.0" encoding="UTF-8"?>
<!-- Generated by org.testng.reporters.JUnitReportReporter -->
<testsuite skipped="0" hostname="bluepi-HP-EliteBook-840-G1" name="pac1.Pattern" tests="1" failures="0" timestamp="11 Mar 2019 07:32:30 GMT" time="0.008" errors="0">
  <testcase name="numPattern" time="0.008" classname="pac1.Pattern"/>
</testsuite> <!-- pac1.Pattern -->
