<?xml version="1.0" encoding="UTF-8"?>
<!-- Generated by org.testng.reporters.JUnitReportReporter -->
<testsuite skipped="0" hostname="bluepi-HP-EliteBook-840-G1" name="pac1.Person" tests="1" failures="0" timestamp="05 Mar 2019 08:39:07 GMT" time="0.021" errors="0">
  <testcase name="talk" time="0.021" classname="pac1.Person"/>
</testsuite> <!-- pac1.Person -->
