<?xml version="1.0" encoding="UTF-8"?>
<!-- Generated by org.testng.reporters.JUnitReportReporter -->
<testsuite skipped="0" hostname="bluepi-HP-EliteBook-840-G1" name="denio.ReverseString" tests="1" failures="0" timestamp="31 Jan 2019 13:51:14 GMT" time="0.008" errors="0">
  <testcase name="RevStr" time="0.008" classname="denio.ReverseString"/>
</testsuite> <!-- denio.ReverseString -->
