<?xml version="1.0" encoding="UTF-8"?>
<!-- Generated by org.testng.reporters.JUnitReportReporter -->
<testsuite skipped="0" hostname="bluepi-HP-EliteBook-840-G1" name="denio.PrintTable" tests="1" failures="0" timestamp="30 Jan 2019 10:15:58 GMT" time="0.008" errors="0">
  <testcase name="multiply" time="0.008" classname="denio.PrintTable"/>
</testsuite> <!-- denio.PrintTable -->
