<?xml version="1.0" encoding="UTF-8"?>
<!-- Generated by org.testng.reporters.JUnitReportReporter -->
<testsuite skipped="0" hostname="bluepi-HP-EliteBook-840-G1" name="pac1.ReverseString" tests="2" failures="0" timestamp="05 Mar 2019 08:36:05 GMT" time="0.011" errors="0">
  <testcase name="revStrSentances" time="0.002" classname="pac1.ReverseString"/>
  <testcase name="RevStr" time="0.009" classname="pac1.ReverseString"/>
</testsuite> <!-- pac1.ReverseString -->
